2024-01-10 09:47:21,570 INFO raft peers changed: [Member{ip='172.17.66.86', port=8848, state=UP, extendInfo={raftPort=7848}}]

2024-01-10 09:47:21,597 INFO initializing Raft sub-system

2024-01-10 09:47:21,597 INFO finish loading all datums, size: 0 cost 0 ms.

2024-01-10 09:47:21,600 INFO cache loaded, datum count: 0, current term: 0

2024-01-10 09:47:21,600 INFO finish to load data from disk, cost: 3 ms.

2024-01-10 09:47:21,602 INFO timer started: leader timeout ms: 15000, heart-beat timeout ms: 5000

2024-01-10 09:47:22,059 INFO add listener: com.alibaba.nacos.naming.domains.meta.00-00---000-NACOS_SWITCH_DOMAIN-000---00-00

2024-01-10 09:47:22,070 INFO add listener: com.alibaba.nacos.naming.domains.meta.

2024-01-10 09:47:26,571 WARN start to close old raft protocol!!!

2024-01-10 09:47:26,571 WARN stop old raft protocol task for notifier

2024-01-10 09:47:26,571 WARN stop old raft protocol task for master task

2024-01-10 09:47:26,571 WARN stop old raft protocol task for heartbeat task

2024-01-10 09:47:26,571 WARN clean old cache datum for old raft

2024-01-10 09:47:26,571 WARN start to close old raft protocol!!!

2024-01-10 09:47:26,571 WARN stop old raft protocol task for notifier

2024-01-10 09:47:26,571 WARN stop old raft protocol task for master task

2024-01-10 09:47:26,571 WARN stop old raft protocol task for heartbeat task

2024-01-10 09:47:26,571 WARN clean old cache datum for old raft

2024-01-10 09:47:26,571 WARN start to move old raft protocol metadata

2024-01-10 09:47:26,573 WARN start to move old raft protocol metadata

2024-01-10 09:47:26,573 INFO raft peers changed: [Member{ip='172.17.66.86', port=8848, state=UP, extendInfo={lastRefreshTime=1704851246573, raftPort=7848, version=1.4.2}}]

2024-01-10 14:26:19,571 INFO add listener: com.alibaba.nacos.naming.iplist.public##DEFAULT_GROUP@@hoj-data-backup

2024-01-10 15:13:12,084 INFO [RAFT-NOTIFIER] datum is deleted, key: com.alibaba.nacos.naming.domains.meta.public##DEFAULT_GROUP@@hoj-data-backup

2024-01-10 15:13:12,980 INFO add listener: com.alibaba.nacos.naming.iplist.public##DEFAULT_GROUP@@hoj-data-backup

2024-01-10 16:26:12,085 INFO [RAFT-NOTIFIER] datum is deleted, key: com.alibaba.nacos.naming.domains.meta.public##DEFAULT_GROUP@@hoj-data-backup

2024-01-10 16:31:09,091 INFO add listener: com.alibaba.nacos.naming.iplist.public##DEFAULT_GROUP@@hoj-data-backup

2024-01-10 16:38:42,086 INFO [RAFT-NOTIFIER] datum is deleted, key: com.alibaba.nacos.naming.domains.meta.public##DEFAULT_GROUP@@hoj-data-backup

2024-01-10 17:53:03,760 INFO add listener: com.alibaba.nacos.naming.iplist.public##DEFAULT_GROUP@@hoj-data-backup

2024-01-10 19:40:42,077 INFO [RAFT-NOTIFIER] datum is deleted, key: com.alibaba.nacos.naming.domains.meta.public##DEFAULT_GROUP@@hoj-data-backup

