2024-01-10 09:47:52,199 INFO PERFORMANCE:|0|0|-1|-1

2024-01-10 09:52:52,216 INFO PERFORMANCE:|0|0|-1|-1

2024-01-10 09:57:52,225 INFO PERFORMANCE:|0|0|-1|-1

2024-01-10 10:02:52,236 INFO PERFORMANCE:|0|0|-1|-1

2024-01-10 10:07:52,248 INFO PERFORMANCE:|0|0|-1|-1

2024-01-10 10:12:52,257 INFO PERFORMANCE:|0|0|-1|-1

2024-01-10 10:17:52,271 INFO PERFORMANCE:|0|0|-1|-1

2024-01-10 10:22:52,285 INFO PERFORMANCE:|0|0|-1|-1

2024-01-10 10:27:52,285 INFO PERFORMANCE:|0|0|-1|-1

2024-01-10 10:32:52,294 INFO PERFORMANCE:|0|0|-1|-1

2024-01-10 10:37:52,302 INFO PERFORMANCE:|0|0|-1|-1

2024-01-10 10:42:52,317 INFO PERFORMANCE:|0|0|-1|-1

2024-01-10 10:47:52,330 INFO PERFORMANCE:|0|0|-1|-1

2024-01-10 10:52:52,344 INFO PERFORMANCE:|0|0|-1|-1

2024-01-10 10:57:52,351 INFO PERFORMANCE:|0|0|-1|-1

2024-01-10 11:02:52,360 INFO PERFORMANCE:|0|0|-1|-1

2024-01-10 11:07:52,370 INFO PERFORMANCE:|0|0|-1|-1

2024-01-10 11:12:52,377 INFO PERFORMANCE:|0|0|-1|-1

2024-01-10 11:17:52,382 INFO PERFORMANCE:|0|0|-1|-1

2024-01-10 11:22:52,390 INFO PERFORMANCE:|0|0|-1|-1

2024-01-10 11:27:52,396 INFO PERFORMANCE:|0|0|-1|-1

2024-01-10 11:32:52,407 INFO PERFORMANCE:|0|0|-1|-1

2024-01-10 11:37:52,417 INFO PERFORMANCE:|0|0|-1|-1

2024-01-10 11:42:52,427 INFO PERFORMANCE:|0|0|-1|-1

2024-01-10 11:47:52,436 INFO PERFORMANCE:|0|0|-1|-1

2024-01-10 11:52:52,449 INFO PERFORMANCE:|0|0|-1|-1

2024-01-10 11:57:52,464 INFO PERFORMANCE:|0|0|-1|-1

2024-01-10 12:02:52,469 INFO PERFORMANCE:|0|0|-1|-1

2024-01-10 12:07:52,478 INFO PERFORMANCE:|0|0|-1|-1

2024-01-10 12:12:52,486 INFO PERFORMANCE:|0|0|-1|-1

2024-01-10 12:17:52,498 INFO PERFORMANCE:|0|0|-1|-1

2024-01-10 12:22:52,498 INFO PERFORMANCE:|0|0|-1|-1

2024-01-10 12:27:52,513 INFO PERFORMANCE:|0|0|-1|-1

2024-01-10 12:32:52,526 INFO PERFORMANCE:|0|0|-1|-1

2024-01-10 12:37:52,539 INFO PERFORMANCE:|0|0|-1|-1

2024-01-10 12:42:52,540 INFO PERFORMANCE:|0|0|-1|-1

2024-01-10 12:47:52,544 INFO PERFORMANCE:|0|0|-1|-1

2024-01-10 12:52:52,546 INFO PERFORMANCE:|0|0|-1|-1

2024-01-10 12:57:52,561 INFO PERFORMANCE:|0|0|-1|-1

2024-01-10 13:02:52,577 INFO PERFORMANCE:|0|0|-1|-1

2024-01-10 13:07:52,588 INFO PERFORMANCE:|0|0|-1|-1

2024-01-10 13:12:52,591 INFO PERFORMANCE:|0|0|-1|-1

2024-01-10 13:17:52,605 INFO PERFORMANCE:|0|0|-1|-1

2024-01-10 13:22:52,608 INFO PERFORMANCE:|0|0|-1|-1

2024-01-10 13:27:52,611 INFO PERFORMANCE:|0|0|-1|-1

2024-01-10 13:32:52,621 INFO PERFORMANCE:|0|0|-1|-1

2024-01-10 13:37:52,626 INFO PERFORMANCE:|0|0|-1|-1

2024-01-10 13:42:52,639 INFO PERFORMANCE:|0|0|-1|-1

2024-01-10 13:47:52,641 INFO PERFORMANCE:|0|0|-1|-1

2024-01-10 13:52:52,642 INFO PERFORMANCE:|0|0|-1|-1

2024-01-10 13:57:52,651 INFO PERFORMANCE:|0|0|-1|-1

2024-01-10 14:02:52,654 INFO PERFORMANCE:|0|0|-1|-1

2024-01-10 14:07:52,669 INFO PERFORMANCE:|0|0|-1|-1

2024-01-10 14:12:52,680 INFO PERFORMANCE:|0|0|-1|-1

2024-01-10 14:17:52,694 INFO PERFORMANCE:|0|0|-1|-1

2024-01-10 14:22:52,702 INFO PERFORMANCE:|0|0|-1|-1

2024-01-10 14:27:52,736 INFO PERFORMANCE:|1|1|-1|-1

2024-01-10 14:32:52,751 INFO PERFORMANCE:|1|1|-1|-1

2024-01-10 14:37:52,765 INFO PERFORMANCE:|1|1|-1|-1

2024-01-10 14:42:52,779 INFO PERFORMANCE:|1|1|-1|-1

2024-01-10 14:47:52,791 INFO PERFORMANCE:|1|1|-1|-1

2024-01-10 14:52:52,796 INFO PERFORMANCE:|1|1|-1|-1

2024-01-10 14:57:52,808 INFO PERFORMANCE:|1|1|-1|-1

2024-01-10 15:02:52,814 INFO PERFORMANCE:|1|1|-1|-1

2024-01-10 15:07:52,835 INFO PERFORMANCE:|1|1|-1|-1

2024-01-10 15:12:52,850 INFO PERFORMANCE:|1|0|-1|-1

2024-01-10 15:17:52,864 INFO PERFORMANCE:|1|1|-1|-1

2024-01-10 15:22:52,867 INFO PERFORMANCE:|1|1|-1|-1

2024-01-10 15:27:52,872 INFO PERFORMANCE:|1|1|-1|-1

2024-01-10 15:32:52,876 INFO PERFORMANCE:|1|1|-1|-1

2024-01-10 15:37:52,879 INFO PERFORMANCE:|1|1|-1|-1

2024-01-10 15:42:52,894 INFO PERFORMANCE:|1|1|-1|-1

2024-01-10 15:47:52,909 INFO PERFORMANCE:|1|1|-1|-1

2024-01-10 15:52:52,913 INFO PERFORMANCE:|1|1|-1|-1

2024-01-10 15:57:52,929 INFO PERFORMANCE:|1|1|-1|-1

2024-01-10 16:02:52,942 INFO PERFORMANCE:|1|1|-1|-1

2024-01-10 16:07:52,955 INFO PERFORMANCE:|1|1|-1|-1

2024-01-10 16:12:52,967 INFO PERFORMANCE:|1|1|-1|-1

2024-01-10 16:17:52,975 INFO PERFORMANCE:|1|0|-1|-1

2024-01-10 16:22:52,988 INFO PERFORMANCE:|1|1|-1|-1

2024-01-10 16:27:52,998 INFO PERFORMANCE:|0|0|-1|-1

2024-01-10 16:32:53,010 INFO PERFORMANCE:|1|1|-1|-1

2024-01-10 16:37:53,011 INFO PERFORMANCE:|1|0|-1|-1

2024-01-10 16:42:53,020 INFO PERFORMANCE:|0|0|-1|-1

2024-01-10 16:47:53,029 INFO PERFORMANCE:|0|0|-1|-1

2024-01-10 16:52:53,036 INFO PERFORMANCE:|0|0|-1|-1

2024-01-10 16:57:53,050 INFO PERFORMANCE:|0|0|-1|-1

2024-01-10 17:02:53,051 INFO PERFORMANCE:|0|0|-1|-1

2024-01-10 17:07:53,058 INFO PERFORMANCE:|0|0|-1|-1

2024-01-10 17:12:53,074 INFO PERFORMANCE:|0|0|-1|-1

2024-01-10 17:17:53,087 INFO PERFORMANCE:|0|0|-1|-1

2024-01-10 17:22:53,097 INFO PERFORMANCE:|0|0|-1|-1

2024-01-10 17:27:53,101 INFO PERFORMANCE:|0|0|-1|-1

2024-01-10 17:32:53,114 INFO PERFORMANCE:|0|0|-1|-1

2024-01-10 17:37:53,124 INFO PERFORMANCE:|0|0|-1|-1

2024-01-10 17:42:53,133 INFO PERFORMANCE:|0|0|-1|-1

2024-01-10 17:47:53,143 INFO PERFORMANCE:|0|0|-1|-1

2024-01-10 17:52:53,157 INFO PERFORMANCE:|0|0|-1|-1

2024-01-10 17:57:53,170 INFO PERFORMANCE:|1|1|-1|-1

2024-01-10 18:02:53,176 INFO PERFORMANCE:|1|1|-1|-1

2024-01-10 18:07:53,182 INFO PERFORMANCE:|1|1|-1|-1

2024-01-10 18:12:53,182 INFO PERFORMANCE:|1|1|-1|-1

2024-01-10 18:17:53,189 INFO PERFORMANCE:|1|1|-1|-1

2024-01-10 18:22:53,194 INFO PERFORMANCE:|1|1|-1|-1

2024-01-10 18:27:53,205 INFO PERFORMANCE:|1|1|-1|-1

2024-01-10 18:32:53,210 INFO PERFORMANCE:|1|1|-1|-1

2024-01-10 18:37:53,214 INFO PERFORMANCE:|1|1|-1|-1

2024-01-10 18:42:53,229 INFO PERFORMANCE:|1|1|-1|-1

2024-01-10 18:47:53,234 INFO PERFORMANCE:|1|1|-1|-1

2024-01-10 18:52:53,249 INFO PERFORMANCE:|1|1|-1|-1

2024-01-10 18:57:53,255 INFO PERFORMANCE:|1|1|-1|-1

2024-01-10 19:02:53,260 INFO PERFORMANCE:|1|1|-1|-1

2024-01-10 19:07:53,265 INFO PERFORMANCE:|1|1|-1|-1

2024-01-10 19:12:53,278 INFO PERFORMANCE:|1|1|-1|-1

2024-01-10 19:17:53,292 INFO PERFORMANCE:|1|1|-1|-1

2024-01-10 19:22:53,299 INFO PERFORMANCE:|1|1|-1|-1

2024-01-10 19:27:53,310 INFO PERFORMANCE:|1|0|-1|-1

2024-01-10 19:32:53,312 INFO PERFORMANCE:|1|1|-1|-1

2024-01-10 19:37:53,326 INFO PERFORMANCE:|1|1|-1|-1

2024-01-10 19:42:53,330 INFO PERFORMANCE:|0|0|-1|-1

2024-01-10 19:47:53,338 INFO PERFORMANCE:|0|0|-1|-1

2024-01-10 19:52:53,350 INFO PERFORMANCE:|0|0|-1|-1

2024-01-10 19:57:53,352 INFO PERFORMANCE:|0|0|-1|-1

2024-01-10 20:02:53,357 INFO PERFORMANCE:|0|0|-1|-1

2024-01-10 20:07:53,358 INFO PERFORMANCE:|0|0|-1|-1

2024-01-10 20:12:53,366 INFO PERFORMANCE:|0|0|-1|-1

2024-01-10 20:17:53,371 INFO PERFORMANCE:|0|0|-1|-1

2024-01-10 20:22:53,379 INFO PERFORMANCE:|0|0|-1|-1

2024-01-10 20:27:53,388 INFO PERFORMANCE:|0|0|-1|-1

2024-01-10 20:32:53,392 INFO PERFORMANCE:|0|0|-1|-1

2024-01-10 20:37:53,397 INFO PERFORMANCE:|0|0|-1|-1

2024-01-10 20:42:53,403 INFO PERFORMANCE:|0|0|-1|-1

2024-01-10 20:47:53,416 INFO PERFORMANCE:|0|0|-1|-1

2024-01-10 20:52:53,424 INFO PERFORMANCE:|0|0|-1|-1

2024-01-10 20:57:53,434 INFO PERFORMANCE:|0|0|-1|-1

2024-01-10 21:02:53,438 INFO PERFORMANCE:|0|0|-1|-1

2024-01-10 21:07:53,445 INFO PERFORMANCE:|0|0|-1|-1

2024-01-10 21:12:53,456 INFO PERFORMANCE:|0|0|-1|-1

2024-01-10 21:17:53,466 INFO PERFORMANCE:|0|0|-1|-1

2024-01-10 21:22:53,474 INFO PERFORMANCE:|0|0|-1|-1

2024-01-10 21:27:53,488 INFO PERFORMANCE:|0|0|-1|-1

2024-01-10 21:32:53,503 INFO PERFORMANCE:|0|0|-1|-1

2024-01-10 21:37:53,505 INFO PERFORMANCE:|0|0|-1|-1

2024-01-10 21:42:53,518 INFO PERFORMANCE:|0|0|-1|-1

2024-01-10 21:47:53,524 INFO PERFORMANCE:|0|0|-1|-1

2024-01-10 21:52:53,532 INFO PERFORMANCE:|0|0|-1|-1

2024-01-10 21:57:53,533 INFO PERFORMANCE:|0|0|-1|-1

2024-01-10 22:02:53,542 INFO PERFORMANCE:|0|0|-1|-1

2024-01-10 22:07:53,554 INFO PERFORMANCE:|0|0|-1|-1

2024-01-10 22:12:53,563 INFO PERFORMANCE:|0|0|-1|-1

2024-01-10 22:17:53,574 INFO PERFORMANCE:|0|0|-1|-1

2024-01-10 22:22:53,584 INFO PERFORMANCE:|0|0|-1|-1

2024-01-10 22:27:53,585 INFO PERFORMANCE:|0|0|-1|-1

2024-01-10 22:32:53,597 INFO PERFORMANCE:|0|0|-1|-1

2024-01-10 22:37:53,601 INFO PERFORMANCE:|0|0|-1|-1

2024-01-10 22:42:53,604 INFO PERFORMANCE:|0|0|-1|-1

2024-01-10 22:47:53,607 INFO PERFORMANCE:|0|0|-1|-1

2024-01-10 22:52:53,621 INFO PERFORMANCE:|0|0|-1|-1

2024-01-10 22:57:53,631 INFO PERFORMANCE:|0|0|-1|-1

2024-01-10 23:02:53,631 INFO PERFORMANCE:|0|0|-1|-1

2024-01-10 23:07:53,632 INFO PERFORMANCE:|0|0|-1|-1

2024-01-10 23:12:53,637 INFO PERFORMANCE:|0|0|-1|-1

2024-01-10 23:17:53,645 INFO PERFORMANCE:|0|0|-1|-1

2024-01-10 23:22:53,657 INFO PERFORMANCE:|0|0|-1|-1

2024-01-10 23:27:53,671 INFO PERFORMANCE:|0|0|-1|-1

2024-01-10 23:32:53,682 INFO PERFORMANCE:|0|0|-1|-1

2024-01-10 23:37:53,687 INFO PERFORMANCE:|0|0|-1|-1

2024-01-10 23:42:53,701 INFO PERFORMANCE:|0|0|-1|-1

2024-01-10 23:47:53,702 INFO PERFORMANCE:|0|0|-1|-1

